make all --print-data-base --no-builtin-variables --no-builtin-rules --question
make: *** No rule to make target 'all'.  Stop.

# GNU Make 4.3
# Built for x86_64-redhat-linux-gnu
# Copyright (C) 1988-2020 Free Software Foundation, Inc.
# License GPLv3+: GNU GPL version 3 or later <http://gnu.org/licenses/gpl.html>
# This is free software: you are free to change and redistribute it.
# There is NO WARRANTY, to the extent permitted by law.

# Make data base, printed on Tue Jul 12 02:50:54 2022

# Variables

# environment
GDK_BACKEND = x11
# environment
LC_ALL = C
# environment
NO_AT_BRIDGE = 1
# environment
GJS_DEBUG_OUTPUT = stderr
# environment
VSCODE_CWD = /home/chaitanya
# environment
WINDOWPATH = 2
# environment
GDM_LANG = en_US.UTF-8
# default
MAKE_COMMAND := make
# automatic
@D = $(patsubst %/,%,$(dir $@))
# environment
VSCODE_HANDLES_UNCAUGHT_ERRORS = true
# default
.VARIABLES := 
# environment
PWD = /home/chaitanya/software-development/3d-printer-project/MKS-TinyBee-main/firmware/mks tinybee marlin
# automatic
%D = $(patsubst %/,%,$(dir $%))
# environment
HOSTNAME = fedora
# environment
LSCOLORS = Gxfxcxdxbxegedabagacad
# environment
MAIL = /var/spool/mail/chaitanya
# environment
XDG_DATA_DIRS = /home/chaitanya/.local/share/flatpak/exports/share:/var/lib/flatpak/exports/share:/usr/local/share/:/usr/share/
# environment
OLDPWD = /home/chaitanya
# automatic
^D = $(patsubst %/,%,$(dir $^))
# automatic
%F = $(notdir $%)
# environment
VSCODE_CODE_CACHE_PATH = /home/chaitanya/.config/Code/CachedData/92d25e35d9bf1a6b16f7d0758f25d48ace11e5b9
# environment
LANG = C
# environment
XAUTHORITY = /run/user/1000/gdm/Xauthority
# default
.LOADED := 
# default
.INCLUDE_DIRS = /usr/include /usr/local/include /usr/include
# makefile
MAKEFLAGS = pqrR
# makefile
CURDIR := /home/chaitanya/software-development/3d-printer-project/MKS-TinyBee-main/firmware/mks tinybee marlin
# environment
APPLICATION_INSIGHTS_NO_DIAGNOSTIC_CHANNEL = 1
# environment
LESSOPEN = ||/usr/bin/lesspipe.sh %s
# automatic
*D = $(patsubst %/,%,$(dir $*))
# environment
MFLAGS = -pqrR
# environment
SSH_AUTH_SOCK = /run/user/1000/keyring/ssh
# default
.SHELLFLAGS := -c
# environment
HISTSIZE = 50000
# automatic
+D = $(patsubst %/,%,$(dir $+))
# environment
XDG_SESSION_DESKTOP = gnome
# makefile (from 'Makefile', line 1)
MAKEFILE_LIST := Makefile
# automatic
@F = $(notdir $@)
# environment
ZSH = /home/chaitanya/.oh-my-zsh
# environment
VSCODE_PID = 62126
# environment
XDG_SESSION_TYPE = x11
# automatic
?D = $(patsubst %/,%,$(dir $?))
# environment
SESSION_MANAGER = local/unix:@/tmp/.ICE-unix/3099,unix/unix:/tmp/.ICE-unix/3099
# automatic
*F = $(notdir $*)
# environment
CHROME_DESKTOP = code-url-handler.desktop
# environment
DBUS_SESSION_BUS_ADDRESS = unix:path=/run/user/1000/bus
# automatic
<D = $(patsubst %/,%,$(dir $<))
# environment
VSCODE_NLS_CONFIG = {"locale":"en-us","availableLanguages":{},"_languagePackSupport":true}
# default
MAKE_HOST := x86_64-redhat-linux-gnu
# makefile
SHELL = /bin/sh
# default
MAKECMDGOALS := all
# environment
XMODIFIERS = @im=ibus
# environment
PLATFORMIO_CALLER = vscode
# environment
GJS_DEBUG_TOPICS = JS ERROR;JS LOG
# environment
SHLVL = 0
# environment
MAKELEVEL := 0
# default
MAKE = $(MAKE_COMMAND)
# environment
PATH = /usr/local/bin:/usr/local/sbin:/usr/bin:/usr/sbin:/home/chaitanya/.composer/vendor/bin
# environment
MOZ_GMP_PATH = /usr/lib64/mozilla/plugins/gmp-gmpopenh264/system-installed
# default
MAKEFILES := 
# automatic
^F = $(notdir $^)
# environment
INVOCATION_ID = 07a4f37537a54f3098f2e4230ba7ade9
# environment
USERNAME = chaitanya
# automatic
?F = $(notdir $?)
# environment
NO_PROXY = 127.0.0.1
# environment
XDG_CURRENT_DESKTOP = GNOME
# environment
KDEDIRS = /usr
# environment
LS_COLORS = 
# automatic
+F = $(notdir $+)
# environment
LESS = -R
# environment
DESKTOP_SESSION = gnome
# environment
ORIGINAL_XDG_CURRENT_DESKTOP = GNOME
# 'override' directive
GNUMAKEFLAGS := 
# environment
LOGNAME = chaitanya
# environment
GIO_LAUNCHED_DESKTOP_FILE = /usr/share/applications/code.desktop
# environment
PLATFORMIO_PATH = /home/chaitanya/.platformio/python3/bin:/usr/local/bin:/usr/local/sbin:/usr/bin:/usr/sbin:/home/chaitanya/.composer/vendor/bin
# makefile
.DEFAULT_GOAL := help
# environment
SYSTEMD_EXEC_PID = 3145
# environment
HISTCONTROL = ignoredups
# environment
EDITOR = /usr/bin/nano
# environment
DISPLAY = :0
# environment
USER = chaitanya
# default
MAKE_VERSION := 4.3
# environment
MANAGERPID = 3009
# environment
which_declare = typeset -f
# environment
DEBUGINFOD_URLS = https://debuginfod.fedoraproject.org/ 
# environment
GIO_LAUNCHED_DESKTOP_FILE_PID = 62126
# environment
SSH_AGENT_PID = 3061
# environment
PAGER = less
# environment
_ = /usr/bin/make
# environment
XDG_RUNTIME_DIR = /run/user/1000
# environment
JOURNAL_STREAM = 8:23231
# environment
XDG_SESSION_CLASS = user
# environment
VSCODE_AMD_ENTRYPOINT = vs/workbench/api/node/extensionHostProcess
# environment
PLATFORMIO_IDE = 2.5.0
# environment
HOME = /home/chaitanya
# environment
QT_IM_MODULE = ibus
# environment
ELECTRON_RUN_AS_NODE = 1
# environment
VSCODE_IPC_HOOK = /run/user/1000/vscode-6880ea98-1.69.0-main.sock
# default
.RECIPEPREFIX := 
# automatic
<F = $(notdir $<)
# default
SUFFIXES := 
# default
.FEATURES := target-specific order-only second-expansion else-if shortest-stem undefine oneshell nocomment grouped-target extra-prereqs archives jobserver output-sync check-symlink guile load
# environment
XDG_MENU_PREFIX = gnome-
# environment
GDMSESSION = gnome
# variable set hash-table stats:
# Load=105/1024=10%, Rehash=0, Collisions=7/135=5%

# Pattern-specific Variable Values

# No pattern-specific variable values.

# Directories

# . (device 39, inode 3368710): 20 files, no impossibilities.

# 20 files, no impossibilities in 1 directories.

# Implicit Rules

# No implicit rules.

# Files

# Not a target:
Makefile:
#  Implicit rule search has been done.
#  Last modified 2022-04-20 12:00:34
#  File has been updated.
#  Successfully updated.

tests-all-local-docker:
#  Phony target (prerequisite of .PHONY).
#  Implicit rule search has not been done.
#  File does not exist.
#  File has not been updated.
#  recipe to execute (from 'Makefile', line 47):
	docker-compose run --rm marlin $(MAKE) tests-all-local VERBOSE_PLATFORMIO=$(VERBOSE_PLATFORMIO) GIT_RESET_HARD=$(GIT_RESET_HARD)

tests-single-local:
#  Phony target (prerequisite of .PHONY).
#  Implicit rule search has not been done.
#  File does not exist.
#  File has not been updated.
#  recipe to execute (from 'Makefile', line 29):
	@if ! test -n "$(TEST_TARGET)" ; then echo "***ERROR*** Set TEST_TARGET=<your-module> or use make tests-all-local" ; return 1; fi
	export PATH=./buildroot/bin/:./buildroot/tests/:${PATH} \
	  && export VERBOSE_PLATFORMIO=$(VERBOSE_PLATFORMIO) \
	  && run_tests . $(TEST_TARGET) "$(ONLY_TEST)"

tests-single-local-docker:
#  Phony target (prerequisite of .PHONY).
#  Implicit rule search has not been done.
#  File does not exist.
#  File has not been updated.
#  recipe to execute (from 'Makefile', line 36):
	@if ! test -n "$(TEST_TARGET)" ; then echo "***ERROR*** Set TEST_TARGET=<your-module> or use make tests-all-local-docker" ; return 1; fi
	docker-compose run --rm marlin $(MAKE) tests-single-local TEST_TARGET=$(TEST_TARGET) VERBOSE_PLATFORMIO=$(VERBOSE_PLATFORMIO) GIT_RESET_HARD=$(GIT_RESET_HARD) ONLY_TEST="$(ONLY_TEST)"

setup-local-docker:
#  Phony target (prerequisite of .PHONY).
#  Implicit rule search has not been done.
#  File does not exist.
#  File has not been updated.
#  recipe to execute (from 'Makefile', line 51):
	docker-compose build

# Not a target:
.DEFAULT:
#  Implicit rule search has not been done.
#  Modification time never checked.
#  File has not been updated.

# Not a target:
 
all:
#  Command line target.
#  Implicit rule search has been done.
#  File does not exist.
#  File has not been updated.

help:
#  Phony target (prerequisite of .PHONY).
#  Implicit rule search has not been done.
#  File does not exist.
#  File has not been updated.
#  recipe to execute (from 'Makefile', line 2):
	@echo "Tasks for local development:"
	@echo "* tests-single-ci:             Run a single test from inside the CI"
	@echo "* tests-single-local:          Run a single test locally"
	@echo "* tests-single-local-docker:   Run a single test locally, using docker-compose"
	@echo "* tests-all-local:             Run all tests locally"
	@echo "* tests-all-local-docker:      Run all tests locally, using docker-compose"
	@echo "* setup-local-docker:          Setup local docker-compose"
	@echo ""
	@echo "Options for testing:"
	@echo "  TEST_TARGET          Set when running tests-single-*, to select the"
	@echo "                       test. If you set it to ALL it will run all "
	@echo "                       tests, but some of them are broken: use "
	@echo "                       tests-all-* instead to run only the ones that "
	@echo "                       run on GitHub CI"
	@echo "  ONLY_TEST            Limit tests to only those that contain this, or"
	@echo "                       the index of the test (1-based)"
	@echo "  VERBOSE_PLATFORMIO   If you want the full PIO output, set any value"
	@echo "  GIT_RESET_HARD       Used by CI: reset all local changes. WARNING:"
	@echo "                       THIS WILL UNDO ANY CHANGES YOU'VE MADE!"

tests-all-local:
#  Phony target (prerequisite of .PHONY).
#  Implicit rule search has not been done.
#  File does not exist.
#  File has not been updated.
#  recipe to execute (from 'Makefile', line 41):
	export PATH=./buildroot/bin/:./buildroot/tests/:${PATH} \
	  && export VERBOSE_PLATFORMIO=$(VERBOSE_PLATFORMIO) \
	  && for TEST_TARGET in $$(./get_test_targets.py) ; do echo "Running tests for $$TEST_TARGET" ; run_tests . $$TEST_TARGET ; done

tests-single-ci:
#  Phony target (prerequisite of .PHONY).
#  Implicit rule search has not been done.
#  File does not exist.
#  File has not been updated.
#  recipe to execute (from 'Makefile', line 24):
	export GIT_RESET_HARD=true
	$(MAKE) tests-single-local TEST_TARGET=$(TEST_TARGET)

.PHONY: help tests-single-ci tests-single-local tests-single-local-docker tests-all-local tests-all-local-docker setup-local-docker
#  Implicit rule search has not been done.
#  Modification time never checked.
#  File has not been updated.

# files hash-table stats:
# Load=12/1024=1%, Rehash=0, Collisions=0/35=0%
# VPATH Search Paths

# No 'vpath' search paths.

# No general ('VPATH' variable) search path.

# strcache buffers: 1 (0) / strings = 33 / storage = 387 B / avg = 11 B
# current buf: size = 8162 B / used = 387 B / count = 33 / avg = 11 B

# strcache performance: lookups = 64 / hit rate = 48%
# hash-table stats:
# Load=33/8192=0%, Rehash=0, Collisions=0/64=0%
# Finished Make data base on Tue Jul 12 02:50:54 2022

 
